This is pdfTeX, Version 3.14159265-2.6-1.40.19 (TeX Live 2018) (preloaded format=latex 2018.5.17)  12 FEB 2020 22:56
entering extended mode
 restricted \write18 enabled.
 %&-line parsing enabled.
**vldb_sample
(./vldb_sample.tex
LaTeX2e <2018-04-01> patch level 4
(./vldb.cls (/usr/local/texlive/2018/texmf-dist/tex/latex/geometry/geometry.sty
Package: geometry 2018/04/16 v5.8 Page Geometry
(/usr/local/texlive/2018/texmf-dist/tex/latex/graphics/keyval.sty
Package: keyval 2014/10/28 v1.15 key=value parser (DPC)
\KV@toks@=\toks14
)
(/usr/local/texlive/2018/texmf-dist/tex/generic/oberdiek/ifpdf.sty
Package: ifpdf 2017/03/15 v3.2 Provides the ifpdf switch
)
(/usr/local/texlive/2018/texmf-dist/tex/generic/oberdiek/ifvtex.sty
Package: ifvtex 2016/05/16 v1.6 Detect VTeX and its facilities (HO)
Package ifvtex Info: VTeX not detected.
)
(/usr/local/texlive/2018/texmf-dist/tex/generic/ifxetex/ifxetex.sty
Package: ifxetex 2010/09/12 v0.6 Provides ifxetex conditional
)
\Gm@cnth=\count80
\Gm@cntv=\count81
\c@Gm@tempcnt=\count82
\Gm@bindingoffset=\dimen102
\Gm@wd@mp=\dimen103
\Gm@odd@mp=\dimen104
\Gm@even@mp=\dimen105
\Gm@layoutwidth=\dimen106
\Gm@layoutheight=\dimen107
\Gm@layouthoffset=\dimen108
\Gm@layoutvoffset=\dimen109
\Gm@dimlist=\toks15
)
(/usr/local/texlive/2018/texmf-dist/tex/latex/graphics/epsfig.sty
Package: epsfig 2017/06/25 v1.7b (e)psfig emulation (SPQR)

(/usr/local/texlive/2018/texmf-dist/tex/latex/graphics/graphicx.sty
Package: graphicx 2017/06/01 v1.1a Enhanced LaTeX Graphics (DPC,SPQR)

(/usr/local/texlive/2018/texmf-dist/tex/latex/graphics/graphics.sty
Package: graphics 2017/06/25 v1.2c Standard LaTeX Graphics (DPC,SPQR)

(/usr/local/texlive/2018/texmf-dist/tex/latex/graphics/trig.sty
Package: trig 2016/01/03 v1.10 sin cos tan (DPC)
)
(/usr/local/texlive/2018/texmf-dist/tex/latex/graphics-cfg/graphics.cfg
File: graphics.cfg 2016/06/04 v1.11 sample graphics configuration
)
Package graphics Info: Driver file: dvips.def on input line 99.

(/usr/local/texlive/2018/texmf-dist/tex/latex/graphics-def/dvips.def
File: dvips.def 2017/06/20 v3.1d Graphics/color driver for dvips
))
\Gin@req@height=\dimen110
\Gin@req@width=\dimen111
)
\epsfxsize=\dimen112
\epsfysize=\dimen113
)
(/usr/local/texlive/2018/texmf-dist/tex/latex/amsfonts/amssymb.sty
Package: amssymb 2013/01/14 v3.01 AMS font symbols

(/usr/local/texlive/2018/texmf-dist/tex/latex/amsfonts/amsfonts.sty
Package: amsfonts 2013/01/14 v3.01 Basic AMSFonts support
\@emptytoks=\toks16
\symAMSa=\mathgroup4
\symAMSb=\mathgroup5
LaTeX Font Info:    Overwriting math alphabet `\mathfrak' in version `bold'
(Font)                  U/euf/m/n --> U/euf/b/n on input line 106.
))
(/usr/local/texlive/2018/texmf-dist/tex/latex/amsmath/amsmath.sty
Package: amsmath 2017/09/02 v2.17a AMS math features
\@mathmargin=\skip41

For additional information on amsmath, use the `?' option.
(/usr/local/texlive/2018/texmf-dist/tex/latex/amsmath/amstext.sty
Package: amstext 2000/06/29 v2.01 AMS text

(/usr/local/texlive/2018/texmf-dist/tex/latex/amsmath/amsgen.sty
File: amsgen.sty 1999/11/30 v2.0 generic functions
\@emptytoks=\toks17
\ex@=\dimen114
))
(/usr/local/texlive/2018/texmf-dist/tex/latex/amsmath/amsbsy.sty
Package: amsbsy 1999/11/29 v1.2d Bold Symbols
\pmbraise@=\dimen115
)
(/usr/local/texlive/2018/texmf-dist/tex/latex/amsmath/amsopn.sty
Package: amsopn 2016/03/08 v2.02 operator names
)
\inf@bad=\count83
LaTeX Info: Redefining \frac on input line 213.
\uproot@=\count84
\leftroot@=\count85
LaTeX Info: Redefining \overline on input line 375.
\classnum@=\count86
\DOTSCASE@=\count87
LaTeX Info: Redefining \ldots on input line 472.
LaTeX Info: Redefining \dots on input line 475.
LaTeX Info: Redefining \cdots on input line 596.
\Mathstrutbox@=\box26
\strutbox@=\box27
\big@size=\dimen116
LaTeX Font Info:    Redeclaring font encoding OML on input line 712.
LaTeX Font Info:    Redeclaring font encoding OMS on input line 713.
\macc@depth=\count88
\c@MaxMatrixCols=\count89
\dotsspace@=\muskip10
\c@parentequation=\count90
\dspbrk@lvl=\count91
\tag@help=\toks18
\row@=\count92
\column@=\count93
\maxfields@=\count94
\andhelp@=\toks19
\eqnshift@=\dimen117
\alignsep@=\dimen118
\tagshift@=\dimen119
\tagwidth@=\dimen120
\totwidth@=\dimen121
\lineht@=\dimen122
\@envbody=\toks20
\multlinegap=\skip42
\multlinetaggap=\skip43
\mathdisplay@stack=\toks21
LaTeX Info: Redefining \[ on input line 2817.
LaTeX Info: Redefining \] on input line 2818.
)
Document Class 'vldb' - based on 'sig-alternate' <26th. July '05>. Modified by 
G.K.M. Tobin/Gerry Murray
Based in part upon document Style `acmconf' <22 May 89>. Hacked 4/91 by
shivers@cs.cmu.edu, 4/93 by theobald@cs.mcgill.ca
Excerpts were taken from (Journal Style) 'esub2acm.cls'.
****** Bugs/comments/suggestions/technicalities to Gerry Murray -- murray@hq.ac
m.org ******
Questions on the style, SIGS policies, etc. to Adrienne Griscti griscti@acm.org

\footheight=\dimen123
\@maxsep=\dimen124
\@dblmaxsep=\dimen125
\aucount=\count95
\originalaucount=\count96
\auwidth=\dimen126
\auskip=\dimen127
\auskipcount=\count97
\auskip=\dimen128
\allauboxes=\dimen129
\addauthors=\toks22
\addauflag=\count98
\subtitletext=\toks23
\savesection=\count99
\sectioncntr=\count100
\c@figure=\count101
\c@table=\count102
\titleboxnotes=\toks24
\titleboxnoteflag=\count103
Document Class: vldb 2010/10/19 - V1.8b - based on sig-alternate V1.8 - based o
n acmproc.cls V1.3 <Nov. 30 '99>
(/usr/local/texlive/2018/texmf-dist/tex/latex/base/latexsym.sty
Package: latexsym 1998/08/17 v2.2e Standard LaTeX package (lasy symbols)
\symlasy=\mathgroup6
LaTeX Font Info:    Overwriting symbol font `lasy' in version `bold'
(Font)                  U/lasy/m/n --> U/lasy/b/n on input line 52.
)
\@acmtitlebox=\box28
\titlenotecount=\count104
\tntoks=\toks25
\tntokstwo=\toks26
\tntoksthree=\toks27
\tntoksfour=\toks28
\tntoksfive=\toks29
\catcount=\count105
\copyrightnotice=\toks30
\conf=\toks31
\confinfo=\toks32
\c@part=\count106
\c@section=\count107
\c@subsection=\count108
\c@subsubsection=\count109
\c@paragraph=\count110

Using 'Abbrev' bibliography style
\bibindent=\dimen130
\colcntr=\count111
\savebox=\box29
\copyrtyr=\toks33
\acmcopyr=\toks34
\boilerplate=\toks35
\copyrightetc=\toks36
) (/usr/local/texlive/2018/texmf-dist/tex/latex/preprint/balance.sty
Package: balance 1999/02/23 4.3 (PWD)
\oldvsize=\dimen131
)
(/usr/local/texlive/2018/texmf-dist/tex/latex/setspace/setspace.sty
Package: setspace 2011/12/19 v6.7a set line spacing
)
(/usr/local/texlive/2018/texmf-dist/tex/latex/listings/listings.sty
\lst@mode=\count112
\lst@gtempboxa=\box30
\lst@token=\toks37
\lst@length=\count113
\lst@currlwidth=\dimen132
\lst@column=\count114
\lst@pos=\count115
\lst@lostspace=\dimen133
\lst@width=\dimen134
\lst@newlines=\count116
\lst@lineno=\count117
\abovecaptionskip=\skip44
\belowcaptionskip=\skip45
\lst@maxwidth=\dimen135

(/usr/local/texlive/2018/texmf-dist/tex/latex/listings/lstmisc.sty
File: lstmisc.sty 2015/06/04 1.6 (Carsten Heinz)
\c@lstnumber=\count118
\lst@skipnumbers=\count119
\lst@framebox=\box31
)
(/usr/local/texlive/2018/texmf-dist/tex/latex/listings/listings.cfg
File: listings.cfg 2015/06/04 1.6 listings configuration
))
Package: listings 2015/06/04 1.6 (Carsten Heinz)

(/usr/local/texlive/2018/texmf-dist/tex/latex/xcolor/xcolor.sty
Package: xcolor 2016/05/11 v2.12 LaTeX color extensions (UK)

(/usr/local/texlive/2018/texmf-dist/tex/latex/graphics-cfg/color.cfg
File: color.cfg 2016/01/02 v1.6 sample color configuration
)
Package xcolor Info: Driver file: dvips.def on input line 225.
Package xcolor Info: Model `cmy' substituted by `cmy0' on input line 1348.
Package xcolor Info: Model `RGB' extended on input line 1364.
Package xcolor Info: Model `HTML' substituted by `rgb' on input line 1366.
Package xcolor Info: Model `Hsb' substituted by `hsb' on input line 1367.
Package xcolor Info: Model `tHsb' substituted by `hsb' on input line 1368.
Package xcolor Info: Model `HSB' substituted by `hsb' on input line 1369.
Package xcolor Info: Model `Gray' substituted by `gray' on input line 1370.
Package xcolor Info: Model `wave' substituted by `hsb' on input line 1371.
)
(./vldb_sample.aux)
\openout1 = `vldb_sample.aux'.

LaTeX Font Info:    Checking defaults for OML/cmm/m/it on input line 20.
LaTeX Font Info:    ... okay on input line 20.
LaTeX Font Info:    Checking defaults for T1/cmr/m/n on input line 20.
LaTeX Font Info:    ... okay on input line 20.
LaTeX Font Info:    Checking defaults for OT1/cmr/m/n on input line 20.
LaTeX Font Info:    ... okay on input line 20.
LaTeX Font Info:    Checking defaults for OMS/cmsy/m/n on input line 20.
LaTeX Font Info:    ... okay on input line 20.
LaTeX Font Info:    Checking defaults for OMX/cmex/m/n on input line 20.
LaTeX Font Info:    ... okay on input line 20.
LaTeX Font Info:    Checking defaults for U/cmr/m/n on input line 20.
LaTeX Font Info:    ... okay on input line 20.

*geometry* detected driver: pdftex
*geometry* verbose mode - [ preamble ] result:
* driver: pdftex
* paper: letterpaper
* layout: <same size as paper>
* layoutoffset:(h,v)=(0.0pt,0.0pt)
* modes: twoside 
* h-part:(L,W,R)=(92.14519pt, 430.00462pt, 92.14519pt)
* v-part:(T,H,B)=(95.39737pt, 556.47656pt, 143.09605pt)
* \paperwidth=614.295pt
* \paperheight=794.96999pt
* \textwidth=504.0pt
* \textheight=666.0pt
* \oddsidemargin=-18.26999pt
* \evensidemargin=-18.26999pt
* \topmargin=-55.26999pt
* \headheight=12.0pt
* \headsep=25.0pt
* \topskip=10.0pt
* \footskip=30.0pt
* \marginparwidth=0.0pt
* \marginparsep=11.0pt
* \columnsep=24.0pt
* \skip\footins=8.1pt plus 4.0pt minus 2.0pt
* \hoffset=0.0pt
* \voffset=0.0pt
* \mag=1000
* \@twocolumntrue
* \@twosidetrue
* \@mparswitchtrue
* \@reversemarginfalse
* (1in=72.27pt=25.4mm, 1cm=28.453pt)

\c@lstlisting=\count120
LaTeX Font Info:    Try loading font information for U+msa on input line 38.
(/usr/local/texlive/2018/texmf-dist/tex/latex/amsfonts/umsa.fd
File: umsa.fd 2013/01/14 v3.01 AMS symbols A
)
LaTeX Font Info:    Try loading font information for U+msb on input line 38.

(/usr/local/texlive/2018/texmf-dist/tex/latex/amsfonts/umsb.fd
File: umsb.fd 2013/01/14 v3.01 AMS symbols B
)
LaTeX Font Info:    Try loading font information for U+lasy on input line 38.

(/usr/local/texlive/2018/texmf-dist/tex/latex/base/ulasy.fd
File: ulasy.fd 1998/08/17 v2.2e LaTeX symbol font definitions
)
Overfull \hbox (3.46498pt too wide) in paragraph at lines 58--59
\OT1/cmr/m/n/9 (Model), ein An-sichtsmodul (View) und ein Steuerungsmodul
 []


Overfull \hbox (2.64763pt too wide) in paragraph at lines 66--67
\OT1/cmr/m/n/9 im-mer dann aufgerufen wer-den, wenn sich an den anzuzeigen-
 []

[1


]
Overfull \hbox (1.73999pt too wide) in paragraph at lines 70--71
\OT1/cmr/m/n/9 troller ben^^?otigt dann Zu-griff auf ent-spre-chen-de Schnittst
ellen
 []


Overfull \hbox (3.29417pt too wide) in paragraph at lines 82--83
\OT1/cmr/m/n/9 dass der Con-troller diese Auf-gaben zu-verl^^?assig ausf^^?uhrt
, muss
 []


Overfull \hbox (7.6879pt too wide) in paragraph at lines 84--86
[]\OT1/cmr/m/n/9 Neue Controller-Implementierungen m^^?us-sen zus^^?atzlich wei
t-
 []


Overfull \hbox (1.9168pt too wide) in paragraph at lines 97--98
\OT1/cmr/m/n/9 Be-nutzereingaben be-nachrichti-gen. Da-raus ergeben sich zwei
 []


Overfull \hbox (3.2772pt too wide) in paragraph at lines 97--98
\OT1/cmr/m/n/9 ver-schiedene Schnittstellen zum Model. Gem^^?a^^Y des Interface
-
 []


Overfull \hbox (2.65454pt too wide) in paragraph at lines 97--98
\OT1/cmr/m/n/9 Segretation-Prinzips soll-ten die View und der Con-troller auch
 []

File: view-1.mps Graphic file (type eps)
<view-1.mps>

LaTeX Warning: `h' float specifier changed to `ht'.


Overfull \hbox (11.53827pt too wide) in paragraph at lines 124--125
\OT1/cmr/m/n/9 zu-grun-deliegen-den Observer-Entwurfsmuster ver-schlossen. Um
 []

[2]
Overfull \hbox (5.29202pt too wide) in paragraph at lines 131--132
\OT1/cmr/m/n/9 und der Pr^^?a-sen-ta-tions-lo-gik wer-den von den beste-hen-den
 Klas-
 []

File: controller-1.mps Graphic file (type eps)
<controller-1.mps>

LaTeX Warning: `h' float specifier changed to `ht'.

[3]
Overfull \hbox (1.08348pt too wide) in paragraph at lines 160--161
\OT1/cmr/m/n/9 einen einzi-gen Grund geben. Das Single-Responsibility-Prin-
 []


Overfull \hbox (5.53784pt too wide) in paragraph al 
 []

File: model-1.mps Graphic file (type eps)
<model-1.mps>

LaTeX Warning: `h' float specifier changed to `ht'.


Overfull \hbox (1.31152pt too wide) in paragraph at lines 190--191
\OT1/cmr/m/n/9 Entwurfsmuster re-al-isiert, ist das Single-Responsibility-Prin-

 []


Underfull \vbox (badness 2970) has occurred while \output is active []

 [4]
Overfull \hbox (2.83794pt too wide) in paragraph at lines 193--194
[]\OT1/cmr/m/n/9 Die Nachrichten^^?ubermittlung vom Con-troller an das Model
 []


Overfull \hbox (4.13997pt too wide) in paragraph at lines 197--197
[]\secfnt Liskovsches Sub-sti-tu-tion-sprinzip im Model 
 []


Overfull \hbox (1.3205pt too wide) in paragraph at lines 207--208
\OT1/cmr/m/n/9 der Kom-po-nen-ten wird das Interface-Segregation-Prinzip be-
 []

! Undefined control sequence.
l.216 \setstretch
                 {1.0}
? 
! Emergency stop.
l.216 \setstretch
                 {1.0}
End of file on the terminal!

 
Here is how much of TeX's memory you used:
 2159 strings out of 492650
 26827 string characters out of 6129648
 106806 words of memory out of 5000000
 6022 multiletter control sequences out of 15000+600000
 18992 words of font info for 52 fonts, out of 8000000 for 9000
 1143 hyphenation exceptions out of 8191
 39i,11n,29p,962b,256s stack positions out of 5000i,500n,10000p,200000b,80000s
Output written on vldb_sample.dvi (4 pages, 29012 bytes).
d while \output is active []


Overfull \hbox (2.56755pt too wide) in paragraph at lines 165--166
[]\OT1/cmr/m/n/9 In der Schnittstelle der Klasse \OT1/cmtt/m/n/9 Controller \OT
1/cmr/m/n/9 sind keine []Uber-
 []


Overfull \hbox (2.29765pt too wide) in paragraph at lines 168--169
\OT1/cmr/m/n/9 thode \OT1/cmtt/m/n/9 getMouseEventHandler \OT1/cmr/m/n/9 des In
-ter-faces \OT1/cmtt/m/n/9 Con-troller\OT1/cmr/m/n/9 , um
 []


Overfull \hbox (2.91599pt too wide) in paragraph at lines 174--174
[]\secfnt Dependency In-ver-sion im Con-troller-modul 
 []


LaTeX Warning: Reference `dipsec' on page 4 undefined on input line 175.

File: model-1.mps Graphic file (type eps)
<model-1.mps>

LaTeX Warning: `h' float specifier changed to `ht'.


Overfull \hbox (1.31152pt too wide) in paragraph at lines 191--192
\OT1/cmr/m/n/9 Entwurfsmuster re-al-isiert, ist das Single-Responsibility-Prin-

 []


Underfull \vbox (badness 2970) has occurred while \output is active []

 [4]
Overfull \hbox (2.83794pt too wide) in paragraph at lines 194--195
[]\OT1/cmr/m/n/9 Die Nachrichten^^?ubermittlung vom Con-troller an das Model
 []


Overfull \hbox (4.13997pt too wide) in paragraph at lines 198--198
[]\secfnt Liskovsches Sub-sti-tu-tion-sprinzip im Model 
 []


Overfull \hbox (1.3205pt too wide) in paragraph at lines 208--209
\OT1/cmr/m/n/9 der Kom-po-nen-ten wird das Interface-Segregation-Prinzip be-
 []


! LaTeX Error: Environment lstlisting undefined.

See the LaTeX manual or LaTeX Companion for explanation.
Type  H <return>  for immediate help.
 ...                                              
                                                  
l.218 \begin{lstlisting}
                        [language=Java, caption=Die Klasse ContractControlle...

? 
! Emergency stop.
 ...                                              
                                                  
l.218 \begin{lstlisting}
                        [language=Java, caption=Die Klasse ContractControlle...

Your command was ignored.
Type  I <command> <return>  to replace it with another command,
or  <return>  to continue without it.

 
Here is how much of TeX's memory you used:
 2181 strings out of 492650
 27450 string characters out of 6129648
 105986 words of memory out of 5000000
 6039 multiletter control sequences out of 15000+600000
 18992 words of font info for 52 fonts, out of 8000000 for 9000
 1143 hyphenation exceptions out of 8191
 39i,11n,29p,965b,256s stack positions out of 5000i,500n,10000p,200000b,80000s
Output written on vldb_sample.dvi (4 pages, 29040 bytes).
                     {\textcolor{gray}{...}}$
End of file on the terminal!

 
Here is how much of TeX's memory you used:
 3878 strings out of 492at lines 199--200
[]\OT1/cmr/m/n/9 Die Nachrichten^^?ubermittlung vom Con-troller an das Model
 []


Overfull \hbox (4.13997pt too wide) in paragraph at lines 203--203
[]\secfnt Liskovsches Sub-sti-tu-tion-sprinzip im Model 
 []


Overfull \hbox (1.3205pt too wide) in paragraph at lines 213--214
\OT1/cmr/m/n/9 der Kom-po-nen-ten wird das Interface-Segregation-Prinzip be-
 []

(/usr/local/texlive/2018/texmf-dist/tex/latex/listings/lstlang1.sty
File: lstlang1.sty 2015/06/04 1.6 listings language file
)
Overfull \hbox (76.207pt too wide) in paragraph at lines 226--227
[][][][][][][][][][][][][][][][][] 
 []

! Undefined control sequence.
l.227 <@\textcolor{gray}{\ldots}@>$\lstresetnumber
                                                  \setcounter{lstnumber}{10}$
? 
! Emergency stop.
l.227 <@\textcolor{gray}{\ldots}@>$\lstresetnumber
                                                  \setcounter{lstnumber}{10}$
End of file on the terminal!

 
Here is how much of TeX's memory you used:
 4344 strings out of 492650
 54799 string characters out of 6129648
 161841 words of memory out of 5000000
 8176 multiletter control sequences out of 15000+600000
 20651 words of font info for 59 fonts, out of 8000000 for 9000
 1143 hyphenation exceptions out of 8191
 39i,12n,42p,965b,1174s stack positions out of 5000i,500n,10000p,200000b,80000s
Output written on vldb_sample.dvi (4 pages, 29440 bytes).
