This is pdfTeX, Version 3.14159265-2.6-1.40.19 (TeX Live 2018) (preloaded format=mptopdf 2018.5.17)  30 MAY 2020 20:23
 restricted \write18 enabled.
 %&-line parsing enabled.
**\relax fcfs.mps
 (./fcfs.mps{/usr/local/texlive/2018/texmf-var/fonts/map/pdftex/updmap/pdftex.m
ap}) [warning: the height is less than 1in] [1] 
Here is how much of TeX's memory you used:
 40 strings out of 496704
 337 string characters out of 6201021
 4016034 words of memory out of 9001241
 1695 multiletter control sequences out of 15000+600000
 307 words of font info for 1 font, out of 8000000 for 9000
 0 hyphenation exceptions out of 8191
 10i,3n,7p,69b,240s stack positions out of 5000i,500n,10000p,200000b,80000s
</usr/local/texlive/2018/texmf-d
ist/fonts/type1/public/amsfonts/cm/cmr10.pfb>
Output written on fcfs.pdf (1 page, 12029 bytes).
PDF statistics:
 12 PDF objects out of 1000 (max. 8388607)
 0 named destinations out of 1000 (max. 500000)
 7 words of extra memory for PDF output out of 10000 (max. 10000000)

