This is pdfTeX, Version 3.14159265-2.6-1.40.19 (TeX Live 2018) (preloaded format=mptopdf 2018.5.17)  30 MAY 2020 22:30
 restricted \write18 enabled.
 %&-line parsing enabled.
**\relax rr.mps
 (./rr.mps{/usr/local/texlive/2018/texmf-var/fonts/map/pdftex/updmap/pdftex.map
}) [1] 
Here is how much of TeX's memory you used:
 40 strings out of 496704
 327 string characters out of 6201021
 4018625 words of memory out of 9003832
 1695 multiletter control sequences out of 15000+600000
 307 words of font info for 1 font, out of 8000000 for 9000
 0 hyphenation exceptions out of 8191
 10i,3n,7p,67b,240s stack positions out of 5000i,500n,10000p,200000b,80000s
</usr/local/texlive/2018/texmf-dist/fonts/type1/public/amsfonts/cm/cmr10.
pfb>
Output written on rr.pdf (1 page, 12421 bytes).
PDF statistics:
 12 PDF objects out of 1000 (max. 8388607)
 0 named destinations out of 1000 (max. 500000)
 7 words of extra memory for PDF output out of 10000 (max. 10000000)

