This is pdfTeX, Version 3.14159265-2.6-1.40.19 (TeX Live 2018) (preloaded format=pdflatex 2018.5.17)  3 JUN 2018 14:56
entering extended mode
 restricted \write18 enabled.
 %&-line parsing enabled.
**glossary
(./glossary.tex
LaTeX2e <2018-04-01> patch level 4
! Undefined control sequence.
l.1 \newglossaryentry
                     {sku}
? 
! Emergency stop.
l.1 \newglossaryentry
                     {sku}
End of file on the terminal!

 
Here is how much of TeX's memory you used:
 4 strings out of 492649
 123 string characters out of 6129622
 56267 words of memory out of 5000000
 3988 multiletter control sequences out of 15000+600000
 3640 words of font info for 14 fonts, out of 8000000 for 9000
 1141 hyphenation exceptions out of 8191
 5i,0n,1p,33b,8s stack positions out of 5000i,500n,10000p,200000b,80000s
!  ==> Fatal error occurred, no output PDF file produced!
