This is pdfTeX, Version 3.14159265-2.6-1.40.19 (TeX Live 2018) (preloaded format=mptopdf 2018.5.17)  24 JUN 2018 15:25
 restricted \write18 enabled.
 %&-line parsing enabled.
**\relax controller-1.mps
 (./controller-1.mps{/usr/local/texlive/2018/texmf-var/fonts/map/pdftex/updmap/
pdftex.map}) [warning: the height is less than 1in] [1] 
Here is how much of TeX's memory you used:
 54 strings out of 496704
 482 string characters out of 6201021
 4020641 words of memory out of 9005848
 1708 multiletter control sequences out of 15000+600000
 3276 words of font info for 3 fonts, out of 8000000 for 9000
 0 hyphenation exceptions out of 8191
 10i,3n,7p,128b,255s stack positions out of 5000i,500n,10000p,200000b,80000s
{/usr/local/texlive/2018
/texmf-dist/fonts/enc/dvips/base/8r.enc}</usr/local/texlive/2018/texmf-dist/fon
ts/type1/urw/times/utmr8a.pfb></usr/local/texlive/2018/texmf-dist/fonts/type1/u
rw/times/utmr8a.pfb>
Output written on controller-1.pdf (1 page, 23877 bytes).
PDF statistics:
 17 PDF objects out of 1000 (max. 8388607)
 0 named destinations out of 1000 (max. 500000)
 7 words of extra memory for PDF output out of 10000 (max. 10000000)

