This is MetaPost, version 2.00 (TeX Live 2018) (kpathsea version 6.3.0)  24 JUN 2018 14:24
**controller
(/usr/local/texlive/2018/texmf-dist/metapost/base/mpost.mp
(/usr/local/texlive/2018/texmf-dist/metapost/base/plain.mp
Preloading the plain mem file, version 1.005) ) (./controller.mp
(/usr/local/texlive/2018/texmf-dist/metapost/metauml/metauml.mp
(/usr/local/texlive/2018/texmf-dist/metapost/metauml/util_infrastructure.mp
(/usr/local/texlive/2018/texmf-dist/metapost/metauml/util_log.mp))
(/usr/local/texlive/2018/texmf-dist/metapost/metauml/util_object.mp)
(/usr/local/texlive/2018/texmf-dist/metapost/metauml/util_commons.mp)
(/usr/local/texlive/2018/texmf-dist/metapost/metauml/util_margins.mp)
(/usr/local/texlive/2018/texmf-dist/metapost/metauml/util_picture.mp
(/usr/local/texlive/2018/texmf-dist/metapost/base/boxes.mp))
(/usr/local/texlive/2018/texmf-dist/metapost/metauml/util_group.mp)
(/usr/local/texlive/2018/texmf-dist/metapost/metauml/util_picture_stack.mp)
(/usr/local/texlive/2018/texmf-dist/metapost/metauml/util_positioning.mp)
(/usr/local/texlive/2018/texmf-dist/metapost/metauml/util_shade.mp)
(/usr/local/texlive/2018/texmf-dist/metapost/metauml/metauml_base.mp)
(/usr/local/texlive/2018/texmf-dist/metapost/metauml/metauml_links.mp)
(/usr/local/texlive/2018/texmf-dist/metapost/metauml/metauml_paths.mp)
(/usr/local/texlive/2018/texmf-dist/metapost/metauml/metauml_note.mp
(/usr/local/texlive/2018/texmf-dist/metapost/metauml/metauml_defaults.mp))
(/usr/local/texlive/2018/texmf-dist/metapost/metauml/metauml_stereotype.mp)
(/usr/local/texlive/2018/texmf-dist/metapost/metauml/metauml_class_clipart.mp)
(/usr/local/texlive/2018/texmf-dist/metapost/metauml/metauml_class.mp)
(/usr/local/texlive/2018/texmf-dist/metapost/metauml/metauml_instance.mp)
(/usr/local/texlive/2018/texmf-dist/metapost/metauml/metauml_class_relations.mp
) (/usr/local/texlive/2018/texmf-dist/metapost/metauml/metauml_class_assoc.mp)
(/usr/local/texlive/2018/texmf-dist/metapost/metauml/metauml_package.mp)
(/usr/local/texlive/2018/texmf-dist/metapost/metauml/metauml_package_relations.
mp)
(/usr/local/texlive/2018/texmf-dist/metapost/metauml/metauml_behavioral_common.
mp) (/usr/local/texlive/2018/texmf-dist/metapost/metauml/metauml_activity.mp)
(/usr/local/texlive/2018/texmf-dist/metapost/metauml/metauml_state.mp)
(/usr/local/texlive/2018/texmf-dist/metapost/metauml/metauml_usecase_clipart.mp
) (/usr/local/texlive/2018/texmf-dist/metapost/metauml/metauml_usecase.mp)
(/usr/local/texlive/2018/texmf-dist/metapost/metauml/metauml_behavioral_common.
mp) (/usr/local/texlive/2018/texmf-dist/metapost/metauml/metauml_activity.mp)
(/usr/local/texlive/2018/texmf-dist/metapost/metauml/metauml_state.mp)
(/usr/local/texlive/2018/texmf-dist/metapost/metauml/metauml_usecase_clipart.mp
) (/usr/local/texlive/2018/texmf-dist/metapost/metauml/metauml_usecase.mp)
(/usr/local/texlive/2018/texmf-dist/metapost/metauml/metauml_component.mp)
(/usr/local/texlive/2018/texmf-dist/metapost/metauml/metauml_component_relation
s.mp) (/usr/local/texlive/2018/texmf-dist/metapost/metauml/metauml_templates.mp
)) (/usr/local/texlive/2018/texmf-dist/metapost/base/boxes.mp)
>> modelObserver.layedout-1
! Unknown relation will be considered false.
<to be read again> 
                   :
Class_layout->begingroup.if(SUFFIX2)layedout=1:
                                               log"Class "&(str(SUFFIX2))&" ...
<to be read again> 
                   ;
Template_attachToClass->...2);Class_layout(TEXT3);
                                                  log"--- Attaching template...

EClassTemplate->...attachToClass(SUFFIX2)((TEXT5))
                                                  ;endgroup
ClassTemplate->...X2)(iTemplate)((TEXT3))((TEXT4))
                                                  ;endgroup
l.12 ...late.tObserver("ViewState")(modelObserver)
                                                  ;
? 
! Emergency stop.
<to be read again> 
                   :
Class_layout->begingroup.if(SUFFIX2)layedout=1:
                                               log"Class "&(str(SUFFIX2))&" ...
<to be read again> 
                   ;
Template_attachToClass->...2);Class_layout(TEXT3);
                                                  log"--- Attaching template...

EClassTemplate->...attachToClass(SUFFIX2)((TEXT5))
                                                  ;endgroup
ClassTemplate->...X2)(iTemplate)((TEXT3))((TEXT4))
                                                  ;endgroup
l.12 ...late.tObserver("ViewState")(modelObserver)
                                                  ;
End of file on the terminal!


