This is MetaPost, version 2.000 (TeX Live 2017) (kpathsea version 6.2.3)  6 MAY 2018 23:00
**class.mp
(/usr/local/texlive/2017/texmf-dist/metapost/base/mpost.mp
(/usr/local/texlive/2017/texmf-dist/metapost/base/plain.mp
Preloading the plain mem file, version 1.005) ) (./class.mp
(/usr/local/texlive/2017/texmf-dist/metapost/metauml/metauml.mp
(/usr/local/texlive/2017/texmf-dist/metapost/metauml/util_infrastructure.mp
(/usr/local/texlive/2017/texmf-dist/metapost/metauml/util_log.mp))
(/usr/local/texlive/2017/texmf-dist/metapost/metauml/util_object.mp)
(/usr/local/texlive/2017/texmf-dist/metapost/metauml/util_commons.mp)
(/usr/local/texlive/2017/texmf-dist/metapost/metauml/util_margins.mp)
(/usr/local/texlive/2017/texmf-dist/metapost/metauml/util_picture.mp
(/usr/local/texlive/2017/texmf-dist/metapost/base/boxes.mp))
(/usr/local/texlive/2017/texmf-dist/metapost/metauml/util_group.mp)
(/usr/local/texlive/2017/texmf-dist/metapost/metauml/util_picture_stack.mp)
(/usr/local/texlive/2017/texmf-dist/metapost/metauml/util_positioning.mp)
(/usr/local/texlive/2017/texmf-dist/metapost/metauml/util_shade.mp)
(/usr/local/texlive/2017/texmf-dist/metapost/metauml/metauml_base.mp)
(/usr/local/texlive/2017/texmf-dist/metapost/metauml/metauml_links.mp)
(/usr/local/texlive/2017/texmf-dist/metapost/metauml/metauml_paths.mp)
(/usr/local/texlive/2017/texmf-dist/metapost/metauml/metauml_note.mp
(/usr/local/texlive/2017/texmf-dist/metapost/metauml/metauml_defaults.mp))
(/usr/local/texlive/2017/texmf-dist/metapost/metauml/metauml_stereotype.mp)
(/usr/local/texlive/2017/texmf-dist/metapost/metauml/metauml_class_clipart.mp)
(/usr/local/texlive/2017/texmf-dist/metapost/metauml/metauml_class.mp)
(/usr/local/texlive/2017/texmf-dist/metapost/metauml/metauml_instance.mp)
(/usr/local/texlive/2017/texmf-dist/metapost/metauml/metauml_class_relations.mp
) (/usr/local/texlive/2017/texmf-dist/metapost/metauml/metauml_class_assoc.mp)
(/usr/local/texlive/2017/texmf-dist/metapost/metauml/metauml_package.mp)
(/usr/local/texlive/2017/texmf-dist/metapost/metauml/metauml_package_relations.
mp)
(/usr/local/texlive/2017/texmf-dist/metapost/metauml/metauml_behavioral_common.
mp) (/usr/local/texlive/2017/texmf-dist/metapost/metauml/metauml_activity.mp)
(/usr/local/texlive/2017/texmf-dist/metapost/metauml/metauml_state.mp)
(/usr/local/texlive/2017/texmf-dist/metapost/metauml/metauml_usecase_clipart.mp
) (/usr/local/texlive/2017/texmf-dist/metapost/metauml/metauml_usecase.mp)
(/usr/local/texlive/2017/texmf-dist/metapost/metauml/metauml_behavioral_common.
mp) (/usr/local/texlive/2017/texmf-dist/metapost/metauml/metauml_activity.mp)
(/usr/local/texlive/2017/texmf-dist/metapost/metauml/metauml_state.mp)
(/usr/local/texlive/2017/texmf-dist/metapost/metauml/metauml_usecase_clipart.mp
) (/usr/local/texlive/2017/texmf-dist/metapost/metauml/metauml_usecase.mp)
(/usr/local/texlive/2017/texmf-dist/metapost/metauml/metauml_component.mp)
(/usr/local/texlive/2017/texmf-dist/metapost/metauml/metauml_component_relation
s.mp) (/usr/local/texlive/2017/texmf-dist/metapost/metauml/metauml_templates.mp
)) [1] )
1 output file written: mps/class.1

